[14:24:23.844] Connecting to 51.83.189.11:7777..
[14:24:29.934] [RAKSAMP] Connection attempt failed. Reconnecting in 2 seconds.
[14:24:31.949] Connecting to 51.83.189.11:7777..
[14:24:32.663] Connected. Joining the game...
[14:24:33.460] [CMSG] Could not find plugin sampvoice.
[14:24:33.461] [CMSG] Could not find plugin sampvoice.
[14:24:33.462] [CMSG] [WHITELIST] You're Account has been Whitelisted at Database.
[14:24:38.045] Connected to Brothers City | S7
[14:24:38.046] Please write !spawn into the console when you're ready to spawn.
[14:24:39.211] [CMSG]  
[14:24:39.212] [CMSG]  
[14:24:39.213] [CMSG]  
[14:24:39.214] [CMSG]  
[14:24:39.649] [CMSG]  
[14:24:39.650] [CMSG]  
[14:24:39.652] [CMSG]  
[14:24:39.653] [CMSG]  
[14:24:39.654] [CMSG]  
[14:24:39.655] [CMSG]  
[14:24:39.657] [CMSG]  
[14:24:39.658] [CMSG]  
[14:24:39.661] [CMSG]  
[14:24:39.662] [CMSG]  
[14:24:39.665] [CMSG]  
[14:24:39.666] [CMSG]  
[14:24:39.667] [CMSG]  
[14:24:39.668] [CMSG]  
[14:24:39.669] [CMSG]  
[14:24:39.670] [CMSG]  
[14:24:39.671] [CMSG]  
[14:24:39.672] [CMSG]  
[14:24:39.673] [CMSG]  
[14:24:39.674] [CMSG]  
[14:24:39.675] [CMSG]  
[14:24:39.676] [CMSG]  
[14:24:39.677] [CMSG]  
[14:24:39.678] [CMSG]  
[14:24:39.679] [CMSG]  
[14:24:39.682] [CMSG]  
[14:24:39.683] [CMSG]  
[14:24:39.684] [CMSG]  
[14:24:39.685] [CMSG]  
[14:24:39.686] [CMSG]  
[14:24:39.804] [AUDIO_STREAM] http://h.top4top.io/m_25585dbuq1.mp3
[14:24:51.131] [CMSG]  
[14:24:51.132] [CMSG]  
[14:24:51.133] [CMSG]  
[14:24:51.136] [CMSG]  
[14:24:51.137] [CMSG]  
[14:24:51.138] [CMSG]  
[14:24:51.139] [CMSG]  
[14:24:51.140] [CMSG]  
[14:24:51.141] [CMSG]  
[14:24:51.142] [CMSG]  
[14:24:51.143] [CMSG]  
[14:24:51.144] [CMSG]  
[14:24:51.145] [CMSG]  
[14:24:51.146] [CMSG]  
[14:24:51.147] [CMSG]  
[14:24:51.149] [CMSG]  
[14:24:51.155] [CMSG]  
[14:24:51.156] [CMSG]  
[14:24:51.157] [CMSG]  
[14:24:51.158] [CMSG]  
[14:24:51.159] [CMSG]  
[14:24:51.160] [CMSG]  
[14:24:51.161] [CMSG]  
[14:24:51.162] [CMSG]  
[14:24:51.163] [CMSG]  
[14:24:51.164] [CMSG]  
[14:24:51.165] [CMSG]  
[14:24:51.170] [CMSG]  
[14:24:51.170] [CMSG]  
[14:24:51.171] [CMSG] [SERVER MOTD]: Toxic Admins Here!!
[14:24:52.023] [CMSG] Your donator subscription has expired. You are no longer a VIP.
[14:24:59.614] [CMSG] Alright, so you're a Male. Please enter the approximate age of your character.
[14:25:04.517] [CMSG] Alright, so you're Male and 22 years old. Now you will need to pick a referrer.
[14:25:09.246] [CMSG]  
[14:25:09.247] [CMSG]  
[14:25:09.248] [CMSG]  
[14:25:09.249] [CMSG]  
[14:25:09.250] [CMSG]  
[14:25:09.251] [CMSG]  
[14:25:09.252] [CMSG]  
[14:25:09.253] [CMSG]  
[14:25:09.254] [CMSG]  
[14:25:09.255] [CMSG]  
[14:25:09.256] [CMSG]  
[14:25:09.257] [CMSG]  
[14:25:09.259] [CMSG]  
[14:25:09.260] [CMSG]  
[14:25:09.261] [CMSG]  
[14:25:09.262] [CMSG]  
[14:25:09.264] [CMSG]  
[14:25:09.265] [CMSG]  
[14:25:09.266] [CMSG]  
[14:25:09.267] [CMSG]  
[14:25:09.268] [CMSG]  
[14:25:09.269] [CMSG]  
[14:25:09.270] [CMSG]  
[14:25:09.271] [CMSG]  
[14:25:09.272] [CMSG]  
[14:25:09.273] [CMSG]  
[14:25:09.274] [CMSG]  
[14:25:09.275] [CMSG]  
[14:25:09.276] [CMSG]  
[14:25:09.277] [CMSG] You've just arrived to the nation, and the city welcomes you with open arms.
[14:25:09.278] [CMSG] You brought $50,000 in your pocket/wallet, and $50,000 in your bank. Use [/refund] to get bonus rewards!
[14:25:09.279] [CMSG] [Welcome to Brothers City | 4 Live. Use the /requesthelp command to guide you around the server.]
[14:25:09.282] [CMSG] [Use the /locate command to point to locations of jobs, businesses, and common places.]
[14:25:09.283] [CMSG] [We are well aware of the script in use, please get to know our community before you pass on any judgement.]
[14:25:09.284] [CMSG] ==> Brothers City New Member: [Mahdi lotenso(48)] Mr7ba Bik, Kan Mafhmtch 7aja [/gethelp ]
[14:25:22.669] [CMSG] Zerx David's health set to 100.0 by Zerx David
[14:25:52.319] [CMSG] [?] Newbie Robirto Slayer: admin sbat 46 9atlni f save zone
[14:26:18.551] [CMSG] [?] Newbie Senior J3bo9: spec a admin
[14:27:11.701] [CMSG] [?] Newbie Pedro ghost: medic 
[14:27:17.679] You have been spawned!
[14:28:02.677] [CMSG] Wadii Dev has sent you to Los Santos.
[14:28:46.787] [CMSG] ** Robirto Slayer has left the server. (Leaving)
[14:28:46.788] [CMSG] [SERVER] Robirto_Slayer(12) has exited Server.
[14:28:47.622] [GOTO] Teleported to Bully_Holmes.
[14:31:20.299] [CMSG] [?] Newbie Senior J3bo9: hex aji 3ndi sbati 46
[14:32:20.792] [RAKSAMP] The connection was lost. Reconnecting in 2 seconds.
[14:32:22.808] Connecting to 51.83.189.11:7777..
[14:32:26.437] Connected. Joining the game...
[14:32:26.702] [CMSG] Could not find plugin sampvoice.
[14:32:26.703] [CMSG] Could not find plugin sampvoice.
[14:32:26.704] [CMSG] [WHITELIST] You're Account has been Whitelisted at Database.
[14:32:30.423] Connected to Brothers City | S7
[14:32:40.096] [CMSG] [?] Newbie ABO LKHDR: fin ja mecano?
[14:33:04.493] Disconnected.
